2013/11/30 01:14:16 [error] [exception.CHttpException.404] exception 'CHttpException' with message 'Невозможно обработать запрос "images/gallery/390x234/b5c9497ec0d1e2df40e9f3cc4cb23792.jpg".' in /home/hunter/www/exemplar/framework/framework/web/CWebApplication.php:286
Stack trace:
#0 /home/hunter/www/exemplar/framework/framework/web/CWebApplication.php(141): CWebApplication->runController('images/gallery/...')
#1 /home/hunter/www/exemplar/framework/framework/base/CApplication.php(180): CWebApplication->processRequest()
#2 /home/hunter/www/exemplar/public_html/index.php(13): CApplication->run()
#3 {main}
REQUEST_URI=/images/gallery/390x234/b5c9497ec0d1e2df40e9f3cc4cb23792.jpg
HTTP_REFERER=http://exemplar.local/gallery/album/3
---
2013/11/30 01:14:16 [error] [exception.CHttpException.404] exception 'CHttpException' with message 'Невозможно обработать запрос "images/gallery/390x234/f2da42793d5c78c9dfad61632ef2ef72.jpg".' in /home/hunter/www/exemplar/framework/framework/web/CWebApplication.php:286
Stack trace:
#0 /home/hunter/www/exemplar/framework/framework/web/CWebApplication.php(141): CWebApplication->runController('images/gallery/...')
#1 /home/hunter/www/exemplar/framework/framework/base/CApplication.php(180): CWebApplication->processRequest()
#2 /home/hunter/www/exemplar/public_html/index.php(13): CApplication->run()
#3 {main}
REQUEST_URI=/images/gallery/390x234/f2da42793d5c78c9dfad61632ef2ef72.jpg
HTTP_REFERER=http://exemplar.local/gallery/album/3
---
2013/11/30 01:14:20 [error] [exception.CHttpException.404] exception 'CHttpException' with message 'Невозможно обработать запрос "images/gallery/390x234/d4477593da373cdddef4838bf52b80ca.jpg".' in /home/hunter/www/exemplar/framework/framework/web/CWebApplication.php:286
Stack trace:
#0 /home/hunter/www/exemplar/framework/framework/web/CWebApplication.php(141): CWebApplication->runController('images/gallery/...')
#1 /home/hunter/www/exemplar/framework/framework/base/CApplication.php(180): CWebApplication->processRequest()
#2 /home/hunter/www/exemplar/public_html/index.php(13): CApplication->run()
#3 {main}
REQUEST_URI=/images/gallery/390x234/d4477593da373cdddef4838bf52b80ca.jpg
HTTP_REFERER=http://exemplar.local/gallery/album/2?level=1
---
2013/11/30 01:14:23 [error] [exception.CHttpException.404] exception 'CHttpException' with message 'Невозможно обработать запрос "images/gallery/390x234/d4477593da373cdddef4838bf52b80ca.jpg".' in /home/hunter/www/exemplar/framework/framework/web/CWebApplication.php:286
Stack trace:
#0 /home/hunter/www/exemplar/framework/framework/web/CWebApplication.php(141): CWebApplication->runController('images/gallery/...')
#1 /home/hunter/www/exemplar/framework/framework/base/CApplication.php(180): CWebApplication->processRequest()
#2 /home/hunter/www/exemplar/public_html/index.php(13): CApplication->run()
#3 {main}
REQUEST_URI=/images/gallery/390x234/d4477593da373cdddef4838bf52b80ca.jpg
HTTP_REFERER=http://exemplar.local/gallery/album/4
---
2013/11/30 01:14:25 [error] [exception.CHttpException.404] exception 'CHttpException' with message 'Невозможно обработать запрос "images/gallery/936x624/d4477593da373cdddef4838bf52b80ca.jpg".' in /home/hunter/www/exemplar/framework/framework/web/CWebApplication.php:286
Stack trace:
#0 /home/hunter/www/exemplar/framework/framework/web/CWebApplication.php(141): CWebApplication->runController('images/gallery/...')
#1 /home/hunter/www/exemplar/framework/framework/base/CApplication.php(180): CWebApplication->processRequest()
#2 /home/hunter/www/exemplar/public_html/index.php(13): CApplication->run()
#3 {main}
REQUEST_URI=/images/gallery/936x624/d4477593da373cdddef4838bf52b80ca.jpg
HTTP_REFERER=http://exemplar.local/gallery/album/4
---
2013/11/30 01:14:25 [error] [exception.CHttpException.404] exception 'CHttpException' with message 'Невозможно обработать запрос "images/gallery/936x624/b1a6954ca7ce4c54bef63a5692775d77.jpg".' in /home/hunter/www/exemplar/framework/framework/web/CWebApplication.php:286
Stack trace:
#0 /home/hunter/www/exemplar/framework/framework/web/CWebApplication.php(141): CWebApplication->runController('images/gallery/...')
#1 /home/hunter/www/exemplar/framework/framework/base/CApplication.php(180): CWebApplication->processRequest()
#2 /home/hunter/www/exemplar/public_html/index.php(13): CApplication->run()
#3 {main}
REQUEST_URI=/images/gallery/936x624/b1a6954ca7ce4c54bef63a5692775d77.jpg
HTTP_REFERER=http://exemplar.local/gallery/album/4
---
2013/11/30 12:09:27 [error] [exception.CHttpException.404] exception 'CHttpException' with message 'Невозможно обработать запрос "images/gallery/936x624/d4477593da373cdddef4838bf52b80ca.jpg".' in /home/hunter/www/exemplar/framework/framework/web/CWebApplication.php:286
Stack trace:
#0 /home/hunter/www/exemplar/framework/framework/web/CWebApplication.php(141): CWebApplication->runController('images/gallery/...')
#1 /home/hunter/www/exemplar/framework/framework/base/CApplication.php(180): CWebApplication->processRequest()
#2 /home/hunter/www/exemplar/public_html/index.php(13): CApplication->run()
#3 {main}
REQUEST_URI=/images/gallery/936x624/d4477593da373cdddef4838bf52b80ca.jpg
HTTP_REFERER=http://exemplar.local/gallery/album/4
---
2013/11/30 12:09:27 [error] [exception.CHttpException.404] exception 'CHttpException' with message 'Невозможно обработать запрос "images/gallery/936x624/b1a6954ca7ce4c54bef63a5692775d77.jpg".' in /home/hunter/www/exemplar/framework/framework/web/CWebApplication.php:286
Stack trace:
#0 /home/hunter/www/exemplar/framework/framework/web/CWebApplication.php(141): CWebApplication->runController('images/gallery/...')
#1 /home/hunter/www/exemplar/framework/framework/base/CApplication.php(180): CWebApplication->processRequest()
#2 /home/hunter/www/exemplar/public_html/index.php(13): CApplication->run()
#3 {main}
REQUEST_URI=/images/gallery/936x624/b1a6954ca7ce4c54bef63a5692775d77.jpg
HTTP_REFERER=http://exemplar.local/gallery/album/4
---
2013/11/30 13:10:34 [error] [exception.CHttpException.404] exception 'CHttpException' with message 'Невозможно обработать запрос "images/gallery/390x234/d4477593da373cdddef4838bf52b80ca.jpg".' in /home/hunter/www/exemplar/framework/framework/web/CWebApplication.php:286
Stack trace:
#0 /home/hunter/www/exemplar/framework/framework/web/CWebApplication.php(141): CWebApplication->runController('images/gallery/...')
#1 /home/hunter/www/exemplar/framework/framework/base/CApplication.php(180): CWebApplication->processRequest()
#2 /home/hunter/www/exemplar/public_html/index.php(13): CApplication->run()
#3 {main}
REQUEST_URI=/images/gallery/390x234/d4477593da373cdddef4838bf52b80ca.jpg
HTTP_REFERER=http://exemplar.local/gallery/album/4
---
